<?xml version="1.0" encoding="UTF-8"?>
<!-- Generated by org.testng.reporters.JUnitXMLReporter -->
<testsuite ignored="0" hostname="LAPTOP-U4D0FEK3" failures="1" tests="2" name="Test2" time="19.901" errors="0" timestamp="2025-02-02T08:25:05 CST">
  <testcase classname="testCases.TC001_AccountRegistrationTest" name="verify_AccountRegistration" time="7.794">
    <failure type="java.lang.AssertionError" message="null">
      <![CDATA[java.lang.AssertionError: null
at testCases.TC001_AccountRegistrationTest.verify_AccountRegistration(TC001_AccountRegistrationTest.java:39)
at java.base/java.util.ArrayList.forEach(ArrayList.java:1511)
... Removed 29 stack frames]]>
    </failure>
  </testcase> <!-- verify_AccountRegistration -->
  <testcase classname="testCases.TC002_LoginTest" name="verify_Login" time="3.52"/>
</testsuite> <!-- Test2 -->
